<?xml version="1.0" encoding="UTF-8"?>
<testsuite name="StarwarPersonTests" tests="3" skipped="0" failures="0" errors="0" timestamp="2019-09-01T23:05:50" hostname="C02W5834HTD6" time="3.602">
  <properties/>
  <testcase name="getPeopleAsJson" classname="StarwarPersonTests" time="2.274"/>
  <testcase name="getPeopleAsModel" classname="StarwarPersonTests" time="0.743"/>
  <testcase name="getPeopleTest" classname="StarwarPersonTests" time="0.581"/>
  <system-out><![CDATA[]]></system-out>
  <system-err><![CDATA[]]></system-err>
</testsuite>
